[0m2022.01.04 20:38:01 INFO  Started: Metals version 0.10.9 in workspace 'C:\Users\jeffr\OneDrive\Documents\Portfolio\resume\captainmunchie.github.io' for client Visual Studio Code 1.62.3.[0m
[0m2022.01.04 20:38:04 INFO  time: initialize in 3.3s[0m
[0m2022.01.04 20:38:05 WARN  Build server is not auto-connectable.[0m
[0m2022.01.04 20:38:05 WARN  no build tool detected in workspace 'C:\Users\jeffr\OneDrive\Documents\Portfolio\resume\captainmunchie.github.io'. The most common cause for this problem is that the editor was opened in the wrong working directory, for example if you use sbt then the workspace directory should contain build.sbt. [0m
[0m2022.01.05 14:03:58 INFO  Started: Metals version 0.10.9 in workspace 'C:\Users\jeffr\OneDrive\Documents\Portfolio\resume\captainmunchie.github.io' for client Visual Studio Code 1.62.3.[0m
[0m2022.01.05 14:04:02 INFO  time: initialize in 4.49s[0m
[0m2022.01.05 14:04:07 WARN  Build server is not auto-connectable.[0m
[0m2022.01.05 14:04:07 WARN  no build tool detected in workspace 'C:\Users\jeffr\OneDrive\Documents\Portfolio\resume\captainmunchie.github.io'. The most common cause for this problem is that the editor was opened in the wrong working directory, for example if you use sbt then the workspace directory should contain build.sbt. [0m
[0m2022.01.06 23:38:48 INFO  Started: Metals version 0.10.9 in workspace 'C:\Users\jeffr\OneDrive\Documents\Portfolio\resume\captainmunchie.github.io' for client Visual Studio Code 1.62.3.[0m
[0m2022.01.06 23:38:53 INFO  time: initialize in 4.75s[0m
[0m2022.01.06 23:38:58 WARN  Build server is not auto-connectable.[0m
[0m2022.01.06 23:38:58 WARN  no build tool detected in workspace 'C:\Users\jeffr\OneDrive\Documents\Portfolio\resume\captainmunchie.github.io'. The most common cause for this problem is that the editor was opened in the wrong working directory, for example if you use sbt then the workspace directory should contain build.sbt. [0m
[0m2022.01.07 14:34:45 INFO  Started: Metals version 0.10.9 in workspace 'C:\Users\jeffr\OneDrive\Documents\Portfolio\resume\captainmunchie.github.io' for client Visual Studio Code 1.62.3.[0m
[0m2022.01.07 14:34:50 INFO  time: initialize in 5.15s[0m
[0m2022.01.07 14:34:55 WARN  Build server is not auto-connectable.[0m
[0m2022.01.07 14:34:55 WARN  no build tool detected in workspace 'C:\Users\jeffr\OneDrive\Documents\Portfolio\resume\captainmunchie.github.io'. The most common cause for this problem is that the editor was opened in the wrong working directory, for example if you use sbt then the workspace directory should contain build.sbt. [0m
[0m2022.01.08 13:46:53 INFO  Started: Metals version 0.10.9 in workspace 'C:\Users\jeffr\OneDrive\Documents\Portfolio\resume\captainmunchie.github.io' for client Visual Studio Code 1.62.3.[0m
[0m2022.01.08 13:47:00 INFO  time: initialize in 6.53s[0m
[0m2022.01.08 13:47:04 WARN  Build server is not auto-connectable.[0m
[0m2022.01.08 13:47:04 WARN  no build tool detected in workspace 'C:\Users\jeffr\OneDrive\Documents\Portfolio\resume\captainmunchie.github.io'. The most common cause for this problem is that the editor was opened in the wrong working directory, for example if you use sbt then the workspace directory should contain build.sbt. [0m
[0m2022.01.08 19:55:29 INFO  Started: Metals version 0.10.9 in workspace 'C:\Users\jeffr\OneDrive\Documents\Portfolio\resume\captainmunchie.github.io' for client Visual Studio Code 1.62.3.[0m
[0m2022.01.08 19:55:32 INFO  time: initialize in 3.26s[0m
[0m2022.01.08 19:55:36 WARN  Build server is not auto-connectable.[0m
[0m2022.01.08 19:55:36 WARN  no build tool detected in workspace 'C:\Users\jeffr\OneDrive\Documents\Portfolio\resume\captainmunchie.github.io'. The most common cause for this problem is that the editor was opened in the wrong working directory, for example if you use sbt then the workspace directory should contain build.sbt. [0m
[0m2022.01.09 19:21:59 INFO  Started: Metals version 0.10.9 in workspace 'C:\Users\jeffr\OneDrive\Documents\Portfolio\resume\captainmunchie.github.io' for client Visual Studio Code 1.62.3.[0m
[0m2022.01.09 19:22:04 INFO  time: initialize in 5.21s[0m
[0m2022.01.09 19:22:09 WARN  Build server is not auto-connectable.[0m
[0m2022.01.09 19:22:09 WARN  no build tool detected in workspace 'C:\Users\jeffr\OneDrive\Documents\Portfolio\resume\captainmunchie.github.io'. The most common cause for this problem is that the editor was opened in the wrong working directory, for example if you use sbt then the workspace directory should contain build.sbt. [0m
[0m2022.01.11 00:44:24 INFO  Started: Metals version 0.10.9 in workspace 'C:\Users\jeffr\OneDrive\Documents\Portfolio\resume\captainmunchie.github.io' for client Visual Studio Code 1.62.3.[0m
[0m2022.01.11 00:44:29 INFO  time: initialize in 4.37s[0m
[0m2022.01.11 00:44:34 WARN  Build server is not auto-connectable.[0m
[0m2022.01.11 00:44:34 WARN  no build tool detected in workspace 'C:\Users\jeffr\OneDrive\Documents\Portfolio\resume\captainmunchie.github.io'. The most common cause for this problem is that the editor was opened in the wrong working directory, for example if you use sbt then the workspace directory should contain build.sbt. [0m
[0m2022.01.11 21:08:21 INFO  Started: Metals version 0.10.9 in workspace 'C:\Users\jeffr\OneDrive\Documents\Portfolio\resume\captainmunchie.github.io' for client Visual Studio Code 1.62.3.[0m
[0m2022.01.11 21:08:27 INFO  time: initialize in 5.2s[0m
[0m2022.01.11 21:08:32 WARN  Build server is not auto-connectable.[0m
[0m2022.01.11 21:08:32 WARN  no build tool detected in workspace 'C:\Users\jeffr\OneDrive\Documents\Portfolio\resume\captainmunchie.github.io'. The most common cause for this problem is that the editor was opened in the wrong working directory, for example if you use sbt then the workspace directory should contain build.sbt. [0m
[0m2022.01.12 17:49:01 INFO  Started: Metals version 0.10.9 in workspace 'C:\Users\jeffr\OneDrive\Documents\Portfolio\resume\captainmunchie.github.io' for client Visual Studio Code 1.62.3.[0m
[0m2022.01.12 17:49:09 INFO  time: initialize in 7.23s[0m
[0m2022.01.12 17:49:14 WARN  Build server is not auto-connectable.[0m
[0m2022.01.12 17:49:14 WARN  no build tool detected in workspace 'C:\Users\jeffr\OneDrive\Documents\Portfolio\resume\captainmunchie.github.io'. The most common cause for this problem is that the editor was opened in the wrong working directory, for example if you use sbt then the workspace directory should contain build.sbt. [0m
[0m2022.01.13 16:58:12 INFO  Started: Metals version 0.10.9 in workspace 'C:\Users\jeffr\OneDrive\Documents\Portfolio\resume\captainmunchie.github.io' for client Visual Studio Code 1.62.3.[0m
[0m2022.01.13 16:58:17 INFO  time: initialize in 5.14s[0m
[0m2022.01.13 16:58:22 WARN  Build server is not auto-connectable.[0m
[0m2022.01.13 16:58:22 WARN  no build tool detected in workspace 'C:\Users\jeffr\OneDrive\Documents\Portfolio\resume\captainmunchie.github.io'. The most common cause for this problem is that the editor was opened in the wrong working directory, for example if you use sbt then the workspace directory should contain build.sbt. [0m
2022.01.14 14:01:03 INFO  tracing is disabled for protocol LSP, to enable tracing of incoming and outgoing JSON messages create an empty file at c:\Users\jeffr\OneDrive\Documents\Portfolio\resume\captainmunchie.github.io\.metals\lsp.trace.json or C:\Users\jeffr\AppData\Local\scalameta\metals\cache\lsp.trace.json
2022.01.14 14:01:04 INFO  logging to file C:\Users\jeffr\OneDrive\Documents\Portfolio\resume\captainmunchie.github.io\.metals\metals.log
2022.01.14 14:01:04 INFO  Started: Metals version 0.11.0 in workspace 'C:\Users\jeffr\OneDrive\Documents\Portfolio\resume\captainmunchie.github.io' for client Visual Studio Code 1.62.3.
